initialize the darcy problem...
init part 1: import data!......
Importing descriptors for tissue and vessel problems ...
---- PROBLEM DESCRIPTORS--------------------------
 IM  TYPE  3D problem      : IM_TETRAHEDRON(8)
 FEM TYPE  3D velocity     : FEM_RT0(3)
 FEM TYPE  3D pressure     : FEM_PK_DISCONTINUOUS(3,0)
 FEM TYPE  3D data         : FEM_PK(3,0)
--------------------------------------------------
Building the regular 3D mesh ...  
mesht description: GT='GT_PK(3,1)'; NSUBDIV=[25,25,25]; ORG=[0,0,0]; SIZES=[1,1,1]; NOISED=0
init part 2: set fem methods!......
Setting IM ...
Setting FEMs ...
3 3
Setting FEM dimensions for tissue and vessel problems ...
--- DEGREES OF FREEDOM --- 
  nb_dof_Ut     : 191250
  nb_dof_Pt     : 93750
  nb_dof_coeft     : 93750
-------------------------- 
init part 3: build dimensionless parameters!
Building parameters  ...
Building tissue boundary ...
  face 0 : ('DIR',0.000000e+00,0,0)
  face 1 : ('DIR',0.000000e+00,0,1)
  face 2 : ('DIR',0.000000e+00,0,2)
  face 3 : ('DIR',0.000000e+00,0,3)
  face 4 : ('DIR',0.000000e+00,0,4)
  face 5 : ('DIR',0.000000e+00,0,5)
Allocating AM_darcy, UM_darcy, FM_darcy ...
Assembling the monolithic matrix AM_darcy ...
Adding Rhs...
solve darcy problem
  Applying the Generalized Minimum Residual method ... 
 iter   0 residual 1.000000e+00
 iter  50 residual 6.460364e-02
 iter 100 residual 4.118074e-02
 iter 150 residual 2.821816e-02
 iter 200 residual 1.927598e-02
 iter 250 residual 1.318459e-02
 iter 300 residual 9.592066e-03
 iter 350 residual 6.783087e-03
 iter 400 residual 4.953772e-03
 iter 450 residual 3.473024e-03
 iter 500 residual 2.526859e-03
 iter 550 residual 1.772142e-03
 iter 600 residual 1.270815e-03
 iter 650 residual 8.682388e-04
 iter 700 residual 6.077911e-04
 iter 750 residual 3.946300e-04
 iter 800 residual 2.642729e-04
 iter 850 residual 1.733762e-04
 iter 900 residual 1.135432e-04
 iter 950 residual 7.389061e-05
 iter 1000 residual 4.931900e-05
 iter 1050 residual 3.391787e-05
 iter 1100 residual 2.351373e-05
 iter 1150 residual 1.524505e-05
 iter 1200 residual 1.030348e-05
 iter 1250 residual 7.091969e-06
 iter 1300 residual 4.920225e-06
 iter 1350 residual 3.293192e-06
 iter 1400 residual 2.228335e-06
 iter 1450 residual 1.531568e-06
 iter 1500 residual 1.066395e-06
 iter 1513 residual 9.922299e-07
  ... converged in 1513 iterations.
res1.260896e+03
Exporting the solution (vtk format) to ./vtk/ ...
  Exporting Ut ...
    Projecting Ut on P1 ...
  Exporting Ut_ex ...
  Exporting Pt ...
  Exporting Pt_ex ...
... export done, visualize the data file with (for example) Paraview 
