initialize the darcy problem...
init part 1: import data!......
Importing descriptors for tissue and vessel problems ...
---- PROBLEM DESCRIPTORS--------------------------
 IM  TYPE  3D problem      : IM_TETRAHEDRON(8)
 FEM TYPE  3D velocity     : FEM_RT0(3)
 FEM TYPE  3D pressure     : FEM_PK_DISCONTINUOUS(3,0)
 FEM TYPE  3D data         : FEM_PK(3,0)
--------------------------------------------------
Building the regular 3D mesh ...  
mesht description: GT='GT_PK(3,1)'; NSUBDIV=[15,15,15]; ORG=[0,0,0]; SIZES=[1,1,1]; NOISED=0
init part 2: set fem methods!......
Setting IM ...
Setting FEMs ...
3 3
Setting FEM dimensions for tissue and vessel problems ...
--- DEGREES OF FREEDOM --- 
  nb_dof_Ut     : 41850
  nb_dof_Pt     : 20250
  nb_dof_coeft     : 20250
-------------------------- 
init part 3: build dimensionless parameters!
Building parameters  ...
Building tissue boundary ...
  face 0 : ('DIR',0.000000e+00,0,0)
  face 1 : ('DIR',0.000000e+00,0,1)
  face 2 : ('DIR',0.000000e+00,0,2)
  face 3 : ('DIR',0.000000e+00,0,3)
  face 4 : ('DIR',0.000000e+00,0,4)
  face 5 : ('DIR',0.000000e+00,0,5)
Allocating AM_darcy, UM_darcy, FM_darcy ...
Assembling the monolithic matrix AM_darcy ...
Adding Rhs...
solve darcy problem
  Applying the SuperLU method ... 
  Condition number (transport problem): 8.843280e-04
res5.904096e+02
Exporting the solution (vtk format) to ./vtk/ ...
  Exporting Ut ...
    Projecting Ut on P1 ...
  Exporting Ut_ex ...
  Exporting Pt ...
  Exporting Pt_ex ...
... export done, visualize the data file with (for example) Paraview 
