initialize the darcy problem...
init part 1: import data!......
Importing descriptors for tissue and vessel problems ...
---- PROBLEM DESCRIPTORS--------------------------
 IM  TYPE  3D problem      : IM_TETRAHEDRON(8)
 FEM TYPE  3D velocity     : FEM_RT0(3)
 FEM TYPE  3D pressure     : FEM_PK_DISCONTINUOUS(3,0)
 FEM TYPE  3D data         : FEM_PK(3,0)
--------------------------------------------------
Building the regular 3D mesh ...  
mesht description: GT='GT_PK(3,1)'; NSUBDIV=[10,10,10]; ORG=[0,0,0]; SIZES=[1,1,1]; NOISED=0
init part 2: set fem methods!......
Setting IM ...
Setting FEMs ...
3 3
Setting FEM dimensions for tissue and vessel problems ...
--- DEGREES OF FREEDOM --- 
  nb_dof_Ut     : 12600
  nb_dof_Pt     : 6000
  nb_dof_coeft     : 6000
-------------------------- 
init part 3: build dimensionless parameters!
Building parameters  ...
Building tissue boundary ...
  face 0 : ('DIR',0.000000e+00,0,0)
  face 1 : ('DIR',0.000000e+00,0,1)
  face 2 : ('DIR',0.000000e+00,0,2)
  face 3 : ('DIR',0.000000e+00,0,3)
  face 4 : ('DIR',0.000000e+00,0,4)
  face 5 : ('DIR',0.000000e+00,0,5)
Allocating AM_darcy, UM_darcy, FM_darcy ...
Assembling the monolithic matrix AM_darcy ...
Adding Rhs...
solve darcy problem
  Applying the Generalized Minimum Residual method ... 
------------------Solving with SAMG
 
 >>> MESSG: reset opt_matrix_ops to 0: accelerator type not supported
 
------------------Solving with SAMG
 
 >>> MESSG: reset opt_matrix_ops to 0: accelerator type not supported
 
 iter   0 residual 1.000000e+00
------------------Solving with SAMG
 >>> MESSG: First guess satisfies eps-criterion:
 >>> MESSG: Residual of first guess  =   0.000D+00
 >>> MESSG: Residual to be undershot =   0.100D-05
 >>> MESSG: SAMG solver skipped.
------------------Solving with SAMG
 
 >>> MESSG: reset opt_matrix_ops to 0: accelerator type not supported
 
------------------Solving with SAMG
 
 >>> MESSG: reset opt_matrix_ops to 0: accelerator type not supported
 
------------------Solving with SAMG
 
 >>> MESSG: reset opt_matrix_ops to 0: accelerator type not supported
 
------------------Solving with SAMG
 
 >>> MESSG: reset opt_matrix_ops to 0: accelerator type not supported
 
------------------Solving with SAMG
 
 >>> MESSG: reset opt_matrix_ops to 0: accelerator type not supported
 
------------------Solving with SAMG
 
 >>> MESSG: reset opt_matrix_ops to 0: accelerator type not supported
 
------------------Solving with SAMG
 
 >>> MESSG: reset opt_matrix_ops to 0: accelerator type not supported
 
------------------Solving with SAMG
 
 >>> MESSG: reset opt_matrix_ops to 0: accelerator type not supported
 
------------------Solving with SAMG
 
 >>> MESSG: reset opt_matrix_ops to 0: accelerator type not supported
 
------------------Solving with SAMG
 
 >>> MESSG: reset opt_matrix_ops to 0: accelerator type not supported
 
------------------Solving with SAMG
 
 >>> MESSG: reset opt_matrix_ops to 0: accelerator type not supported
 
------------------Solving with SAMG
 
 >>> MESSG: reset opt_matrix_ops to 0: accelerator type not supported
 
------------------Solving with SAMG
 
 >>> MESSG: reset opt_matrix_ops to 0: accelerator type not supported
 
------------------Solving with SAMG
 
 >>> MESSG: reset opt_matrix_ops to 0: accelerator type not supported
 
------------------Solving with SAMG
 
 >>> MESSG: reset opt_matrix_ops to 0: accelerator type not supported
 
------------------Solving with SAMG
 
 >>> MESSG: reset opt_matrix_ops to 0: accelerator type not supported
 
------------------Solving with SAMG
 
 >>> MESSG: reset opt_matrix_ops to 0: accelerator type not supported
 
------------------Solving with SAMG
 
 >>> MESSG: reset opt_matrix_ops to 0: accelerator type not supported
 
------------------Solving with SAMG
 
 >>> MESSG: reset opt_matrix_ops to 0: accelerator type not supported
 
------------------Solving with SAMG
 
 >>> MESSG: reset opt_matrix_ops to 0: accelerator type not supported
 
------------------Solving with SAMG
 
 >>> MESSG: reset opt_matrix_ops to 0: accelerator type not supported
 
------------------Solving with SAMG
 
 >>> MESSG: reset opt_matrix_ops to 0: accelerator type not supported
 
------------------Solving with SAMG
 
 >>> MESSG: reset opt_matrix_ops to 0: accelerator type not supported
 
------------------Solving with SAMG
 
 >>> MESSG: reset opt_matrix_ops to 0: accelerator type not supported
 
------------------Solving with SAMG
 
 >>> MESSG: reset opt_matrix_ops to 0: accelerator type not supported
 
------------------Solving with SAMG
 
 >>> MESSG: reset opt_matrix_ops to 0: accelerator type not supported
 
------------------Solving with SAMG
 
 >>> MESSG: reset opt_matrix_ops to 0: accelerator type not supported
 
------------------Solving with SAMG
 
 >>> MESSG: reset opt_matrix_ops to 0: accelerator type not supported
 
------------------Solving with SAMG
 
 >>> MESSG: reset opt_matrix_ops to 0: accelerator type not supported
 
------------------Solving with SAMG
 
 >>> MESSG: reset opt_matrix_ops to 0: accelerator type not supported
 
------------------Solving with SAMG
 
 >>> MESSG: reset opt_matrix_ops to 0: accelerator type not supported
 
------------------Solving with SAMG
 
 >>> MESSG: reset opt_matrix_ops to 0: accelerator type not supported
 
------------------Solving with SAMG
 
 >>> MESSG: reset opt_matrix_ops to 0: accelerator type not supported
 
------------------Solving with SAMG
 
 >>> MESSG: reset opt_matrix_ops to 0: accelerator type not supported
 
------------------Solving with SAMG
 
 >>> MESSG: reset opt_matrix_ops to 0: accelerator type not supported
 
------------------Solving with SAMG
 
 >>> MESSG: reset opt_matrix_ops to 0: accelerator type not supported
 
------------------Solving with SAMG
 
 >>> MESSG: reset opt_matrix_ops to 0: accelerator type not supported
 
------------------Solving with SAMG
 
 >>> MESSG: reset opt_matrix_ops to 0: accelerator type not supported
 
------------------Solving with SAMG
 
 >>> MESSG: reset opt_matrix_ops to 0: accelerator type not supported
 
------------------Solving with SAMG
 
 >>> MESSG: reset opt_matrix_ops to 0: accelerator type not supported
 
------------------Solving with SAMG
 
 >>> MESSG: reset opt_matrix_ops to 0: accelerator type not supported
 
 iter  41 residual 1.965638e-04
------------------Solving with SAMG
 
 >>> MESSG: reset opt_matrix_ops to 0: accelerator type not supported
 
------------------Solving with SAMG
 
 >>> MESSG: reset opt_matrix_ops to 0: accelerator type not supported
 
------------------Solving with SAMG
 
 >>> MESSG: reset opt_matrix_ops to 0: accelerator type not supported
 
------------------Solving with SAMG
 
 >>> MESSG: reset opt_matrix_ops to 0: accelerator type not supported
 
------------------Solving with SAMG
 
 >>> MESSG: reset opt_matrix_ops to 0: accelerator type not supported
 
------------------Solving with SAMG
 
 >>> MESSG: reset opt_matrix_ops to 0: accelerator type not supported
 
------------------Solving with SAMG
 
 >>> MESSG: reset opt_matrix_ops to 0: accelerator type not supported
 
------------------Solving with SAMG
 
 >>> MESSG: reset opt_matrix_ops to 0: accelerator type not supported
 
------------------Solving with SAMG
 
 >>> MESSG: reset opt_matrix_ops to 0: accelerator type not supported
 
------------------Solving with SAMG
 
 >>> MESSG: reset opt_matrix_ops to 0: accelerator type not supported
 
------------------Solving with SAMG
 
 >>> MESSG: reset opt_matrix_ops to 0: accelerator type not supported
 
------------------Solving with SAMG
 
 >>> MESSG: reset opt_matrix_ops to 0: accelerator type not supported
 
------------------Solving with SAMG
 
 >>> MESSG: reset opt_matrix_ops to 0: accelerator type not supported
 
------------------Solving with SAMG
 
 >>> MESSG: reset opt_matrix_ops to 0: accelerator type not supported
 
------------------Solving with SAMG
 
 >>> MESSG: reset opt_matrix_ops to 0: accelerator type not supported
 
------------------Solving with SAMG
 
 >>> MESSG: reset opt_matrix_ops to 0: accelerator type not supported
 
------------------Solving with SAMG
 
 >>> MESSG: reset opt_matrix_ops to 0: accelerator type not supported
 
------------------Solving with SAMG
 >>> MESSG: First guess satisfies eps-criterion:
 >>> MESSG: Residual of first guess  =   0.549D-06
 >>> MESSG: Residual to be undershot =   0.100D-05
 >>> MESSG: SAMG solver skipped.
 iter  58 residual 8.009309e-07
  ... converged in 58 iterations.
res3.255936e+02
Exporting the solution (vtk format) to ./vtk/ ...
  Exporting Ut ...
    Projecting Ut on P1 ...
  Exporting Ut_ex ...
  Exporting Pt ...
  Exporting Pt_ex ...
... export done, visualize the data file with (for example) Paraview 
