initialize the darcy problem...
init part 1: import data!......
Importing descriptors for tissue and vessel problems ...
---- PROBLEM DESCRIPTORS--------------------------
 IM  TYPE  3D problem      : IM_TETRAHEDRON(8)
 FEM TYPE  3D velocity     : FEM_RT0(3)
 FEM TYPE  3D pressure     : FEM_PK_DISCONTINUOUS(3,0)
 FEM TYPE  3D data         : FEM_PK(3,0)
--------------------------------------------------
Building the regular 3D mesh ...  
mesht description: GT='GT_PK(3,1)'; NSUBDIV=[20,20,20]; ORG=[0,0,0]; SIZES=[1,1,1]; NOISED=0
init part 2: set fem methods!......
Setting IM ...
Setting FEMs ...
3 3
Setting FEM dimensions for tissue and vessel problems ...
--- DEGREES OF FREEDOM --- 
  nb_dof_Ut     : 98400
  nb_dof_Pt     : 48000
  nb_dof_coeft     : 48000
-------------------------- 
init part 3: build dimensionless parameters!
Building parameters  ...
Building tissue boundary ...
  face 0 : ('DIR',0.000000e+00,0,0)
  face 1 : ('DIR',0.000000e+00,0,1)
  face 2 : ('DIR',0.000000e+00,0,2)
  face 3 : ('DIR',0.000000e+00,0,3)
  face 4 : ('DIR',0.000000e+00,0,4)
  face 5 : ('DIR',0.000000e+00,0,5)
Allocating AM_darcy, UM_darcy, FM_darcy ...
Assembling the monolithic matrix AM_darcy ...
Adding Rhs...
solve darcy problem
  Applying the Generalized Minimum Residual method ... 
 iter   0 residual 1.000000e+00
 iter  50 residual 5.561231e-02
 iter 100 residual 2.720147e-02
 iter 150 residual 1.427952e-02
 iter 200 residual 7.423541e-03
 iter 250 residual 4.266649e-03
 iter 300 residual 2.517775e-03
 iter 350 residual 1.547491e-03
 iter 400 residual 9.542421e-04
 iter 450 residual 5.973103e-04
 iter 500 residual 3.490575e-04
 iter 550 residual 2.074979e-04
 iter 600 residual 1.223405e-04
 iter 650 residual 7.240437e-05
 iter 700 residual 3.746609e-05
 iter 750 residual 1.996230e-05
 iter 800 residual 1.019881e-05
 iter 850 residual 5.314588e-06
 iter 900 residual 2.482470e-06
 iter 950 residual 1.277160e-06
 iter 981 residual 9.985120e-07
  ... converged in 981 iterations.
res8.984546e+02
Exporting the solution (vtk format) to ./vtk/ ...
  Exporting Ut ...
    Projecting Ut on P1 ...
  Exporting Ut_ex ...
  Exporting Pt ...
  Exporting Pt_ex ...
... export done, visualize the data file with (for example) Paraview 
