initialize the darcy problem...
init part 1: import data!......
Importing descriptors for tissue and vessel problems ...
---- PROBLEM DESCRIPTORS--------------------------
 IM  TYPE  3D problem      : IM_TETRAHEDRON(8)
 FEM TYPE  3D velocity     : FEM_RT0(3)
 FEM TYPE  3D pressure     : FEM_PK_DISCONTINUOUS(3,0)
 FEM TYPE  3D data         : FEM_PK(3,0)
--------------------------------------------------
Building the regular 3D mesh ...  
mesht description: GT='GT_PK(3,1)'; NSUBDIV=[15,15,15]; ORG=[0,0,0]; SIZES=[1,1,1]; NOISED=0
init part 2: set fem methods!......
Setting IM ...
Setting FEMs ...
3 3
Setting FEM dimensions for tissue and vessel problems ...
--- DEGREES OF FREEDOM --- 
  nb_dof_Ut     : 41850
  nb_dof_Pt     : 20250
  nb_dof_coeft     : 20250
-------------------------- 
init part 3: build dimensionless parameters!
Building parameters  ...
Building tissue boundary ...
  face 0 : ('DIR',0.000000e+00,0,0)
  face 1 : ('DIR',0.000000e+00,0,1)
  face 2 : ('DIR',0.000000e+00,0,2)
  face 3 : ('DIR',0.000000e+00,0,3)
  face 4 : ('DIR',0.000000e+00,0,4)
  face 5 : ('DIR',0.000000e+00,0,5)
Allocating AM_darcy, UM_darcy, FM_darcy ...
Assembling the monolithic matrix AM_darcy ...
Adding Rhs...
solve darcy problem
  Applying the Generalized Minimum Residual method ... 
 iter   0 residual 1.000000e+00
 iter  50 residual 4.708222e-02
 iter 100 residual 1.442805e-02
 iter 150 residual 6.361638e-03
 iter 200 residual 2.992311e-03
 iter 250 residual 1.529659e-03
 iter 300 residual 7.746358e-04
 iter 350 residual 3.977941e-04
 iter 400 residual 2.021354e-04
 iter 450 residual 1.040548e-04
 iter 500 residual 5.180547e-05
 iter 550 residual 2.602329e-05
 iter 600 residual 1.283779e-05
 iter 650 residual 6.463296e-06
 iter 700 residual 3.143133e-06
 iter 750 residual 1.578877e-06
 iter 787 residual 9.759558e-07
  ... converged in 787 iterations.
res5.904094e+02
Exporting the solution (vtk format) to ./vtk/ ...
  Exporting Ut ...
    Projecting Ut on P1 ...
  Exporting Ut_ex ...
  Exporting Pt ...
  Exporting Pt_ex ...
... export done, visualize the data file with (for example) Paraview 
